# JRE version: OpenJDK Runtime Environment Temurin-21.0.7+6 (21.0.7+6) (build 21.0.7+6-LTS)
# Java VM: OpenJDK 64-Bit Server VM Temurin-21.0.7+6 (21.0.7+6-LTS, mixed mode, sharing, tiered, compressed oops, compressed class ptrs, parallel gc, windows-amd64)
GC Precious Log:
 CardTable entry size: 512
 CPUs: 8 total, 8 available
 Memory: 8043M
 Large Page Support: Disabled
 NUMA Support: Disabled
 Compressed Oops: Enabled (32-bit)
 Alignments: Space 512K, Generation 512K, Heap 2M
 Heap Min Capacity: 100M
 Heap Initial Capacity: 100M
 Heap Max Capacity: 1G
 Pre-touch: Disabled
 Parallel Workers: 8
Heap:
 PSYoungGen      total 5632K, used 5624K [0x00000000eab00000, 0x00000000eb200000, 0x0000000100000000)
  eden space 4096K, 100% used [0x00000000eab00000,0x00000000eaf00000,0x00000000eaf00000)
  from space 1536K, 99% used [0x00000000eb080000,0x00000000eb1fe230,0x00000000eb200000)
  to   space 1536K, 98% used [0x00000000eaf00000,0x00000000eb07bda8,0x00000000eb080000)
 ParOldGen       total 301056K, used 300678K [0x00000000c0000000, 0x00000000d2600000, 0x00000000eab00000)
  object space 301056K, 99% used [0x00000000c0000000,0x00000000d25a1980,0x00000000d2600000)
 Metaspace       used 63956K, committed 65536K, reserved 1114112K
  class space    used 6550K, committed 7232K, reserved 1048576K
GC Heap History (20 events):
Event: 49.897 GC heap after
{Heap after GC invocations=1093 (full 4):
 PSYoungGen      total 6144K, used 1007K [0x00000000eab00000, 0x00000000eb500000, 0x0000000100000000)
  eden space 5120K, 0% used [0x00000000eab00000,0x00000000eab00000,0x00000000eb000000)
  from space 1024K, 98% used [0x00000000eb300000,0x00000000eb3fbda8,0x00000000eb400000)
  to   space 2560K, 0% used [0x00000000eb000000,0x00000000eb000000,0x00000000eb280000)
 ParOldGen       total 289280K, used 288929K [0x00000000c0000000, 0x00000000d1a80000, 0x00000000eab00000)
  object space 289280K, 99% used [0x00000000c0000000,0x00000000d1a284f8,0x00000000d1a80000)
 Metaspace       used 63785K, committed 65344K, reserved 1114112K
  class space    used 6543K, committed 7232K, reserved 1048576K
}
Event: 49.943 GC heap before
{Heap before GC invocations=1094 (full 4):
 PSYoungGen      total 6144K, used 6127K [0x00000000eab00000, 0x00000000eb500000, 0x0000000100000000)
  eden space 5120K, 100% used [0x00000000eab00000,0x00000000eb000000,0x00000000eb000000)
  from space 1024K, 98% used [0x00000000eb300000,0x00000000eb3fbda8,0x00000000eb400000)
  to   space 2560K, 0% used [0x00000000eb000000,0x00000000eb000000,0x00000000eb280000)
 ParOldGen       total 289280K, used 288929K [0x00000000c0000000, 0x00000000d1a80000, 0x00000000eab00000)
  object space 289280K, 99% used [0x00000000c0000000,0x00000000d1a284f8,0x00000000d1a80000)
 Metaspace       used 63799K, committed 65344K, reserved 1114112K
  class space    used 6544K, committed 7232K, reserved 1048576K
}
Event: 49.948 GC heap after
{Heap after GC invocations=1094 (full 4):
 PSYoungGen      total 6144K, used 896K [0x00000000eab00000, 0x00000000eb380000, 0x0000000100000000)
  eden space 5120K, 0% used [0x00000000eab00000,0x00000000eab00000,0x00000000eb000000)
  from space 1024K, 87% used [0x00000000eb000000,0x00000000eb0e0000,0x00000000eb100000)
  to   space 1536K, 0% used [0x00000000eb200000,0x00000000eb200000,0x00000000eb380000)
 ParOldGen       total 290304K, used 290084K [0x00000000c0000000, 0x00000000d1b80000, 0x00000000eab00000)
  object space 290304K, 99% used [0x00000000c0000000,0x00000000d1b492b8,0x00000000d1b80000)
 Metaspace       used 63799K, committed 65344K, reserved 1114112K
  class space    used 6544K, committed 7232K, reserved 1048576K
}
Event: 50.030 GC heap before
{Heap before GC invocations=1095 (full 4):
 PSYoungGen      total 6144K, used 6016K [0x00000000eab00000, 0x00000000eb380000, 0x0000000100000000)
  eden space 5120K, 100% used [0x00000000eab00000,0x00000000eb000000,0x00000000eb000000)
  from space 1024K, 87% used [0x00000000eb000000,0x00000000eb0e0000,0x00000000eb100000)
  to   space 1536K, 0% used [0x00000000eb200000,0x00000000eb200000,0x00000000eb380000)
 ParOldGen       total 290304K, used 290084K [0x00000000c0000000, 0x00000000d1b80000, 0x00000000eab00000)
  object space 290304K, 99% used [0x00000000c0000000,0x00000000d1b492b8,0x00000000d1b80000)
 Metaspace       used 63822K, committed 65408K, reserved 1114112K
  class space    used 6545K, committed 7232K, reserved 1048576K
}
Event: 50.034 GC heap after
{Heap after GC invocations=1095 (full 4):
 PSYoungGen      total 5632K, used 1515K [0x00000000eab00000, 0x00000000eb600000, 0x0000000100000000)
  eden space 4096K, 0% used [0x00000000eab00000,0x00000000eab00000,0x00000000eaf00000)
  from space 1536K, 98% used [0x00000000eb200000,0x00000000eb37ad78,0x00000000eb380000)
  to   space 3072K, 0% used [0x00000000eaf00000,0x00000000eaf00000,0x00000000eb200000)
 ParOldGen       total 291328K, used 290890K [0x00000000c0000000, 0x00000000d1c80000, 0x00000000eab00000)
  object space 291328K, 99% used [0x00000000c0000000,0x00000000d1c12a28,0x00000000d1c80000)
 Metaspace       used 63822K, committed 65408K, reserved 1114112K
  class space    used 6545K, committed 7232K, reserved 1048576K
}
Event: 50.062 GC heap before
{Heap before GC invocations=1096 (full 4):
 PSYoungGen      total 5632K, used 5611K [0x00000000eab00000, 0x00000000eb600000, 0x0000000100000000)
  eden space 4096K, 100% used [0x00000000eab00000,0x00000000eaf00000,0x00000000eaf00000)
  from space 1536K, 98% used [0x00000000eb200000,0x00000000eb37ad78,0x00000000eb380000)
  to   space 3072K, 0% used [0x00000000eaf00000,0x00000000eaf00000,0x00000000eb200000)
 ParOldGen       total 291328K, used 290890K [0x00000000c0000000, 0x00000000d1c80000, 0x00000000eab00000)
  object space 291328K, 99% used [0x00000000c0000000,0x00000000d1c12a28,0x00000000d1c80000)
 Metaspace       used 63825K, committed 65408K, reserved 1114112K
  class space    used 6545K, committed 7232K, reserved 1048576K
}
Event: 50.067 GC heap after
{Heap after GC invocations=1096 (full 4):
 PSYoungGen      total 6144K, used 1624K [0x00000000eab00000, 0x00000000eb300000, 0x0000000100000000)
  eden space 4096K, 0% used [0x00000000eab00000,0x00000000eab00000,0x00000000eaf00000)
  from space 2048K, 79% used [0x00000000eaf00000,0x00000000eb096230,0x00000000eb100000)
  to   space 2048K, 0% used [0x00000000eb100000,0x00000000eb100000,0x00000000eb300000)
 ParOldGen       total 292864K, used 292405K [0x00000000c0000000, 0x00000000d1e00000, 0x00000000eab00000)
  object space 292864K, 99% used [0x00000000c0000000,0x00000000d1d8d7c0,0x00000000d1e00000)
 Metaspace       used 63825K, committed 65408K, reserved 1114112K
  class space    used 6545K, committed 7232K, reserved 1048576K
}
Event: 50.082 GC heap before
{Heap before GC invocations=1097 (full 4):
 PSYoungGen      total 6144K, used 5720K [0x00000000eab00000, 0x00000000eb300000, 0x0000000100000000)
  eden space 4096K, 100% used [0x00000000eab00000,0x00000000eaf00000,0x00000000eaf00000)
  from space 2048K, 79% used [0x00000000eaf00000,0x00000000eb096230,0x00000000eb100000)
  to   space 2048K, 0% used [0x00000000eb100000,0x00000000eb100000,0x00000000eb300000)
 ParOldGen       total 292864K, used 292405K [0x00000000c0000000, 0x00000000d1e00000, 0x00000000eab00000)
  object space 292864K, 99% used [0x00000000c0000000,0x00000000d1d8d7c0,0x00000000d1e00000)
 Metaspace       used 63825K, committed 65408K, reserved 1114112K
  class space    used 6545K, committed 7232K, reserved 1048576K
}
Event: 50.086 GC heap after
{Heap after GC invocations=1097 (full 4):
 PSYoungGen      total 6144K, used 1696K [0x00000000eab00000, 0x00000000eb300000, 0x0000000100000000)
  eden space 4096K, 0% used [0x00000000eab00000,0x00000000eab00000,0x00000000eaf00000)
  from space 2048K, 82% used [0x00000000eb100000,0x00000000eb2a8000,0x00000000eb300000)
  to   space 2048K, 0% used [0x00000000eaf00000,0x00000000eaf00000,0x00000000eb100000)
 ParOldGen       total 294400K, used 293890K [0x00000000c0000000, 0x00000000d1f80000, 0x00000000eab00000)
  object space 294400K, 99% used [0x00000000c0000000,0x00000000d1f00b40,0x00000000d1f80000)
 Metaspace       used 63825K, committed 65408K, reserved 1114112K
  class space    used 6545K, committed 7232K, reserved 1048576K
}
Event: 50.119 GC heap before
{Heap before GC invocations=1098 (full 4):
 PSYoungGen      total 6144K, used 5792K [0x00000000eab00000, 0x00000000eb300000, 0x0000000100000000)
  eden space 4096K, 100% used [0x00000000eab00000,0x00000000eaf00000,0x00000000eaf00000)
  from space 2048K, 82% used [0x00000000eb100000,0x00000000eb2a8000,0x00000000eb300000)
  to   space 2048K, 0% used [0x00000000eaf00000,0x00000000eaf00000,0x00000000eb100000)
 ParOldGen       total 294400K, used 293890K [0x00000000c0000000, 0x00000000d1f80000, 0x00000000eab00000)
  object space 294400K, 99% used [0x00000000c0000000,0x00000000d1f00b40,0x00000000d1f80000)
 Metaspace       used 63832K, committed 65408K, reserved 1114112K
  class space    used 6546K, committed 7232K, reserved 1048576K
}
Event: 50.123 GC heap after
{Heap after GC invocations=1098 (full 4):
 PSYoungGen      total 5632K, used 1199K [0x00000000eab00000, 0x00000000eb200000, 0x0000000100000000)
  eden space 4096K, 0% used [0x00000000eab00000,0x00000000eab00000,0x00000000eaf00000)
  from space 1536K, 78% used [0x00000000eaf00000,0x00000000eb02bda8,0x00000000eb080000)
  to   space 1536K, 0% used [0x00000000eb080000,0x00000000eb080000,0x00000000eb200000)
 ParOldGen       total 295936K, used 295522K [0x00000000c0000000, 0x00000000d2100000, 0x00000000eab00000)
  object space 295936K, 99% used [0x00000000c0000000,0x00000000d2098b40,0x00000000d2100000)
 Metaspace       used 63832K, committed 65408K, reserved 1114112K
  class space    used 6546K, committed 7232K, reserved 1048576K
}
Event: 50.160 GC heap before
{Heap before GC invocations=1099 (full 4):
 PSYoungGen      total 5632K, used 5295K [0x00000000eab00000, 0x00000000eb200000, 0x0000000100000000)
  eden space 4096K, 100% used [0x00000000eab00000,0x00000000eaf00000,0x00000000eaf00000)
  from space 1536K, 78% used [0x00000000eaf00000,0x00000000eb02bda8,0x00000000eb080000)
  to   space 1536K, 0% used [0x00000000eb080000,0x00000000eb080000,0x00000000eb200000)
 ParOldGen       total 295936K, used 295522K [0x00000000c0000000, 0x00000000d2100000, 0x00000000eab00000)
  object space 295936K, 99% used [0x00000000c0000000,0x00000000d2098b40,0x00000000d2100000)
 Metaspace       used 63843K, committed 65408K, reserved 1114112K
  class space    used 6546K, committed 7232K, reserved 1048576K
}
Event: 50.164 GC heap after
{Heap after GC invocations=1099 (full 4):
 PSYoungGen      total 5120K, used 736K [0x00000000eab00000, 0x00000000eb180000, 0x0000000100000000)
  eden space 4096K, 0% used [0x00000000eab00000,0x00000000eab00000,0x00000000eaf00000)
  from space 1024K, 71% used [0x00000000eb080000,0x00000000eb138000,0x00000000eb180000)
  to   space 1024K, 0% used [0x00000000eaf80000,0x00000000eaf80000,0x00000000eb080000)
 ParOldGen       total 295936K, used 295887K [0x00000000c0000000, 0x00000000d2100000, 0x00000000eab00000)
  object space 295936K, 99% used [0x00000000c0000000,0x00000000d20f3f70,0x00000000d2100000)
 Metaspace       used 63843K, committed 65408K, reserved 1114112K
  class space    used 6546K, committed 7232K, reserved 1048576K
}
Event: 50.343 GC heap before
{Heap before GC invocations=1100 (full 4):
 PSYoungGen      total 5120K, used 4832K [0x00000000eab00000, 0x00000000eb180000, 0x0000000100000000)
  eden space 4096K, 100% used [0x00000000eab00000,0x00000000eaf00000,0x00000000eaf00000)
  from space 1024K, 71% used [0x00000000eb080000,0x00000000eb138000,0x00000000eb180000)
  to   space 1024K, 0% used [0x00000000eaf80000,0x00000000eaf80000,0x00000000eb080000)
 ParOldGen       total 295936K, used 295887K [0x00000000c0000000, 0x00000000d2100000, 0x00000000eab00000)
  object space 295936K, 99% used [0x00000000c0000000,0x00000000d20f3f70,0x00000000d2100000)
 Metaspace       used 63863K, committed 65472K, reserved 1114112K
  class space    used 6546K, committed 7232K, reserved 1048576K
}
Event: 50.346 GC heap after
{Heap after GC invocations=1100 (full 4):
 PSYoungGen      total 5120K, used 640K [0x00000000eab00000, 0x00000000eb100000, 0x0000000100000000)
  eden space 4096K, 0% used [0x00000000eab00000,0x00000000eab00000,0x00000000eaf00000)
  from space 1024K, 62% used [0x00000000eaf80000,0x00000000eb020000,0x00000000eb080000)
  to   space 512K, 0% used [0x00000000eb080000,0x00000000eb080000,0x00000000eb100000)
 ParOldGen       total 296960K, used 296487K [0x00000000c0000000, 0x00000000d2200000, 0x00000000eab00000)
  object space 296960K, 99% used [0x00000000c0000000,0x00000000d2189f70,0x00000000d2200000)
 Metaspace       used 63863K, committed 65472K, reserved 1114112K
  class space    used 6546K, committed 7232K, reserved 1048576K
}
Event: 50.442 GC heap before
{Heap before GC invocations=1101 (full 4):
 PSYoungGen      total 5120K, used 4736K [0x00000000eab00000, 0x00000000eb100000, 0x0000000100000000)
  eden space 4096K, 100% used [0x00000000eab00000,0x00000000eaf00000,0x00000000eaf00000)
  from space 1024K, 62% used [0x00000000eaf80000,0x00000000eb020000,0x00000000eb080000)
  to   space 512K, 0% used [0x00000000eb080000,0x00000000eb080000,0x00000000eb100000)
 ParOldGen       total 296960K, used 296487K [0x00000000c0000000, 0x00000000d2200000, 0x00000000eab00000)
  object space 296960K, 99% used [0x00000000c0000000,0x00000000d2189f70,0x00000000d2200000)
 Metaspace       used 63931K, committed 65536K, reserved 1114112K
  class space    used 6550K, committed 7232K, reserved 1048576K
}
Event: 50.445 GC heap after
{Heap after GC invocations=1101 (full 4):
 PSYoungGen      total 4608K, used 512K [0x00000000eab00000, 0x00000000eb200000, 0x0000000100000000)
  eden space 4096K, 0% used [0x00000000eab00000,0x00000000eab00000,0x00000000eaf00000)
  from space 512K, 100% used [0x00000000eb080000,0x00000000eb100000,0x00000000eb100000)
  to   space 1536K, 0% used [0x00000000eaf00000,0x00000000eaf00000,0x00000000eb080000)
 ParOldGen       total 297472K, used 297279K [0x00000000c0000000, 0x00000000d2280000, 0x00000000eab00000)
  object space 297472K, 99% used [0x00000000c0000000,0x00000000d224fdb0,0x00000000d2280000)
 Metaspace       used 63931K, committed 65536K, reserved 1114112K
  class space    used 6550K, committed 7232K, reserved 1048576K
}
Event: 50.467 GC heap before
{Heap before GC invocations=1102 (full 4):
 PSYoungGen      total 4608K, used 4608K [0x00000000eab00000, 0x00000000eb200000, 0x0000000100000000)
  eden space 4096K, 100% used [0x00000000eab00000,0x00000000eaf00000,0x00000000eaf00000)
  from space 512K, 100% used [0x00000000eb080000,0x00000000eb100000,0x00000000eb100000)
  to   space 1536K, 0% used [0x00000000eaf00000,0x00000000eaf00000,0x00000000eb080000)
 ParOldGen       total 297472K, used 297279K [0x00000000c0000000, 0x00000000d2280000, 0x00000000eab00000)
  object space 297472K, 99% used [0x00000000c0000000,0x00000000d224fdb0,0x00000000d2280000)
 Metaspace       used 63945K, committed 65536K, reserved 1114112K
  class space    used 6550K, committed 7232K, reserved 1048576K
}
Event: 50.471 GC heap after
{Heap after GC invocations=1102 (full 4):
 PSYoungGen      total 5632K, used 1440K [0x00000000eab00000, 0x00000000eb200000, 0x0000000100000000)
  eden space 4096K, 0% used [0x00000000eab00000,0x00000000eab00000,0x00000000eaf00000)
  from space 1536K, 93% used [0x00000000eaf00000,0x00000000eb068000,0x00000000eb080000)
  to   space 1536K, 0% used [0x00000000eb080000,0x00000000eb080000,0x00000000eb200000)
 ParOldGen       total 297984K, used 297824K [0x00000000c0000000, 0x00000000d2300000, 0x00000000eab00000)
  object space 297984K, 99% used [0x00000000c0000000,0x00000000d22d8198,0x00000000d2300000)
 Metaspace       used 63945K, committed 65536K, reserved 1114112K
  class space    used 6550K, committed 7232K, reserved 1048576K
}
Event: 50.482 GC heap before
{Heap before GC invocations=1103 (full 4):
 PSYoungGen      total 5632K, used 5536K [0x00000000eab00000, 0x00000000eb200000, 0x0000000100000000)
  eden space 4096K, 100% used [0x00000000eab00000,0x00000000eaf00000,0x00000000eaf00000)
  from space 1536K, 93% used [0x00000000eaf00000,0x00000000eb068000,0x00000000eb080000)
  to   space 1536K, 0% used [0x00000000eb080000,0x00000000eb080000,0x00000000eb200000)
 ParOldGen       total 297984K, used 297824K [0x00000000c0000000, 0x00000000d2300000, 0x00000000eab00000)
  object space 297984K, 99% used [0x00000000c0000000,0x00000000d22d8198,0x00000000d2300000)
 Metaspace       used 63951K, committed 65536K, reserved 1114112K
  class space    used 6550K, committed 7232K, reserved 1048576K
}

