# JRE version: Java(TM) SE Runtime Environment 18.9 (11.0.19+9) (build 11.0.19+9-LTS-224)
# Java VM: Java HotSpot(TM) 64-Bit Server VM 18.9 (11.0.19+9-LTS-224, mixed mode, tiered, compressed oops, g1 gc, windows-amd64)
Heap:
 garbage-first heap   total 155648K, used 7723K [0x0000000082400000, 0x0000000100000000)
  region size 1024K, 4 young (4096K), 4 survivors (4096K)
 Metaspace       used 17554K, capacity 17912K, committed 18304K, reserved 1067008K
  class space    used 1398K, capacity 1541K, committed 1664K, reserved 1048576K
GC Heap History (10 events):
Event: 2.215 GC heap after
{Heap after GC invocations=8 (full 0):
 garbage-first heap   total 129024K, used 7600K [0x0000000082400000, 0x0000000100000000)
  region size 1024K, 4 young (4096K), 4 survivors (4096K)
 Metaspace       used 13023K, capacity 13392K, committed 13568K, reserved 1060864K
  class space    used 1350K, capacity 1508K, committed 1536K, reserved 1048576K
}
Event: 2.314 GC heap before
{Heap before GC invocations=8 (full 0):
 garbage-first heap   total 129024K, used 80304K [0x0000000082400000, 0x0000000100000000)
  region size 1024K, 75 young (76800K), 4 survivors (4096K)
 Metaspace       used 13029K, capacity 13392K, committed 13568K, reserved 1060864K
  class space    used 1350K, capacity 1508K, committed 1536K, reserved 1048576K
}
Event: 2.315 GC heap after
{Heap after GC invocations=9 (full 0):
 garbage-first heap   total 129024K, used 7431K [0x0000000082400000, 0x0000000100000000)
  region size 1024K, 4 young (4096K), 4 survivors (4096K)
 Metaspace       used 13029K, capacity 13392K, committed 13568K, reserved 1060864K
  class space    used 1350K, capacity 1508K, committed 1536K, reserved 1048576K
}
Event: 2.413 GC heap before
{Heap before GC invocations=9 (full 0):
 garbage-first heap   total 129024K, used 80135K [0x0000000082400000, 0x0000000100000000)
  region size 1024K, 75 young (76800K), 4 survivors (4096K)
 Metaspace       used 13051K, capacity 13456K, committed 13568K, reserved 1060864K
  class space    used 1351K, capacity 1508K, committed 1536K, reserved 1048576K
}
Event: 2.415 GC heap after
{Heap after GC invocations=10 (full 0):
 garbage-first heap   total 129024K, used 7487K [0x0000000082400000, 0x0000000100000000)
  region size 1024K, 4 young (4096K), 4 survivors (4096K)
 Metaspace       used 13051K, capacity 13456K, committed 13568K, reserved 1060864K
  class space    used 1351K, capacity 1508K, committed 1536K, reserved 1048576K
}
Event: 2.536 GC heap before
{Heap before GC invocations=10 (full 0):
 garbage-first heap   total 129024K, used 80191K [0x0000000082400000, 0x0000000100000000)
  region size 1024K, 75 young (76800K), 4 survivors (4096K)
 Metaspace       used 13051K, capacity 13456K, committed 13568K, reserved 1060864K
  class space    used 1351K, capacity 1508K, committed 1536K, reserved 1048576K
}
Event: 2.538 GC heap after
{Heap after GC invocations=11 (full 0):
 garbage-first heap   total 129024K, used 7603K [0x0000000082400000, 0x0000000100000000)
  region size 1024K, 4 young (4096K), 4 survivors (4096K)
 Metaspace       used 13051K, capacity 13456K, committed 13568K, reserved 1060864K
  class space    used 1351K, capacity 1508K, committed 1536K, reserved 1048576K
}
Event: 2.731 GC heap before
{Heap before GC invocations=11 (full 0):
 garbage-first heap   total 129024K, used 80307K [0x0000000082400000, 0x0000000100000000)
  region size 1024K, 75 young (76800K), 4 survivors (4096K)
 Metaspace       used 13482K, capacity 13814K, committed 13952K, reserved 1060864K
  class space    used 1385K, capacity 1541K, committed 1664K, reserved 1048576K
}
Event: 2.732 GC heap after
{Heap after GC invocations=12 (full 0):
 garbage-first heap   total 129024K, used 7569K [0x0000000082400000, 0x0000000100000000)
  region size 1024K, 4 young (4096K), 4 survivors (4096K)
 Metaspace       used 13482K, capacity 13814K, committed 13952K, reserved 1060864K
  class space    used 1385K, capacity 1541K, committed 1664K, reserved 1048576K
}
Event: 3.382 GC heap before
{Heap before GC invocations=12 (full 0):
 garbage-first heap   total 129024K, used 85393K [0x0000000082400000, 0x0000000100000000)
  region size 1024K, 75 young (76800K), 4 survivors (4096K)
 Metaspace       used 17554K, capacity 17912K, committed 18304K, reserved 1067008K
  class space    used 1398K, capacity 1541K, committed 1664K, reserved 1048576K
}

