# JRE version: Java(TM) SE Runtime Environment 18.9 (11.0.19+9) (build 11.0.19+9-LTS-224)
# Java VM: Java HotSpot(TM) 64-Bit Server VM 18.9 (11.0.19+9-LTS-224, mixed mode, tiered, compressed oops, g1 gc, windows-amd64)
Heap:
 garbage-first heap   total 155648K, used 7636K [0x0000000082400000, 0x0000000100000000)
  region size 1024K, 4 young (4096K), 4 survivors (4096K)
 Metaspace       used 17542K, capacity 17916K, committed 18304K, reserved 1067008K
  class space    used 1394K, capacity 1541K, committed 1664K, reserved 1048576K
GC Heap History (10 events):
Event: 2.189 GC heap after
{Heap after GC invocations=7 (full 0):
 garbage-first heap   total 129024K, used 7461K [0x0000000082400000, 0x0000000100000000)
  region size 1024K, 4 young (4096K), 4 survivors (4096K)
 Metaspace       used 13013K, capacity 13396K, committed 13568K, reserved 1060864K
  class space    used 1347K, capacity 1508K, committed 1536K, reserved 1048576K
}
Event: 2.292 GC heap before
{Heap before GC invocations=7 (full 0):
 garbage-first heap   total 129024K, used 80165K [0x0000000082400000, 0x0000000100000000)
  region size 1024K, 75 young (76800K), 4 survivors (4096K)
 Metaspace       used 13024K, capacity 13396K, committed 13568K, reserved 1060864K
  class space    used 1347K, capacity 1508K, committed 1536K, reserved 1048576K
}
Event: 2.293 GC heap after
{Heap after GC invocations=8 (full 0):
 garbage-first heap   total 129024K, used 7548K [0x0000000082400000, 0x0000000100000000)
  region size 1024K, 4 young (4096K), 4 survivors (4096K)
 Metaspace       used 13024K, capacity 13396K, committed 13568K, reserved 1060864K
  class space    used 1347K, capacity 1508K, committed 1536K, reserved 1048576K
}
Event: 2.394 GC heap before
{Heap before GC invocations=8 (full 0):
 garbage-first heap   total 129024K, used 80252K [0x0000000082400000, 0x0000000100000000)
  region size 1024K, 75 young (76800K), 4 survivors (4096K)
 Metaspace       used 13029K, capacity 13396K, committed 13568K, reserved 1060864K
  class space    used 1347K, capacity 1508K, committed 1536K, reserved 1048576K
}
Event: 2.396 GC heap after
{Heap after GC invocations=9 (full 0):
 garbage-first heap   total 129024K, used 7438K [0x0000000082400000, 0x0000000100000000)
  region size 1024K, 4 young (4096K), 4 survivors (4096K)
 Metaspace       used 13029K, capacity 13396K, committed 13568K, reserved 1060864K
  class space    used 1347K, capacity 1508K, committed 1536K, reserved 1048576K
}
Event: 2.554 GC heap before
{Heap before GC invocations=9 (full 0):
 garbage-first heap   total 129024K, used 80142K [0x0000000082400000, 0x0000000100000000)
  region size 1024K, 75 young (76800K), 4 survivors (4096K)
 Metaspace       used 13052K, capacity 13460K, committed 13568K, reserved 1060864K
  class space    used 1347K, capacity 1508K, committed 1536K, reserved 1048576K
}
Event: 2.556 GC heap after
{Heap after GC invocations=10 (full 0):
 garbage-first heap   total 129024K, used 7584K [0x0000000082400000, 0x0000000100000000)
  region size 1024K, 4 young (4096K), 4 survivors (4096K)
 Metaspace       used 13052K, capacity 13460K, committed 13568K, reserved 1060864K
  class space    used 1347K, capacity 1508K, committed 1536K, reserved 1048576K
}
Event: 2.721 GC heap before
{Heap before GC invocations=10 (full 0):
 garbage-first heap   total 129024K, used 80288K [0x0000000082400000, 0x0000000100000000)
  region size 1024K, 75 young (76800K), 4 survivors (4096K)
 Metaspace       used 13052K, capacity 13460K, committed 13568K, reserved 1060864K
  class space    used 1347K, capacity 1508K, committed 1536K, reserved 1048576K
}
Event: 2.723 GC heap after
{Heap after GC invocations=11 (full 0):
 garbage-first heap   total 129024K, used 7416K [0x0000000082400000, 0x0000000100000000)
  region size 1024K, 4 young (4096K), 4 survivors (4096K)
 Metaspace       used 13052K, capacity 13460K, committed 13568K, reserved 1060864K
  class space    used 1347K, capacity 1508K, committed 1536K, reserved 1048576K
}
Event: 3.111 GC heap before
{Heap before GC invocations=11 (full 0):
 garbage-first heap   total 129024K, used 86264K [0x0000000082400000, 0x0000000100000000)
  region size 1024K, 75 young (76800K), 4 survivors (4096K)
 Metaspace       used 17542K, capacity 17916K, committed 18304K, reserved 1067008K
  class space    used 1394K, capacity 1541K, committed 1664K, reserved 1048576K
}

